  T887-Hard-Math-BinarySearch-DP.cpp
C:\Program Files (x86)\Microsoft Visual Studio\2019\Community\VC\Tools\MSVC\14.24.28314\include\unordered_map(51,1): error C2280: “std::_Uhash_compare<_Kty,_Hasher,_Keyeq>::_Uhash_compare(const std::_Uhash_compare<_Kty,_Hasher,_Keyeq> &)”: 尝试引用已删除的函数
          with
          [
              _Kty=std::pair<int,int>,
              _Hasher=std::hash<std::pair<int,int>>,
              _Keyeq=std::equal_to<std::pair<int,int>>
          ]
C:\Program Files (x86)\Microsoft Visual Studio\2019\Community\VC\Tools\MSVC\14.24.28314\include\xhash(202): message : 编译器已在此处生成“std::_Uhash_compare<_Kty,_Hasher,_Keyeq>::_Uhash_compare”
          with
          [
              _Kty=std::pair<int,int>,
              _Hasher=std::hash<std::pair<int,int>>,
              _Keyeq=std::equal_to<std::pair<int,int>>
          ]
C:\Program Files (x86)\Microsoft Visual Studio\2019\Community\VC\Tools\MSVC\14.24.28314\include\xhash(202,1): message : “std::_Uhash_compare<_Kty,_Hasher,_Keyeq>::_Uhash_compare(const std::_Uhash_compare<_Kty,_Hasher,_Keyeq> &)”: 由于 数据成员 调用已删除或不可访问的函数“std::_Compressed_pair<_Hasher,std::_Compressed_pair<_Keyeq,float,true>,true>::_Compressed_pair(const std::_Compressed_pair<_Hasher,std::_Compressed_pair<_Keyeq,float,true>,true> &)”，因此已隐式删除函数
          with
          [
              _Kty=std::pair<int,int>,
              _Hasher=std::hash<std::pair<int,int>>,
              _Keyeq=std::equal_to<std::pair<int,int>>
          ]
          and
          [
              _Hasher=std::hash<std::pair<int,int>>,
              _Keyeq=std::equal_to<std::pair<int,int>>
          ]
C:\Program Files (x86)\Microsoft Visual Studio\2019\Community\VC\Tools\MSVC\14.24.28314\include\xmemory(1342,1): message : “std::_Compressed_pair<_Hasher,std::_Compressed_pair<_Keyeq,float,true>,true>::_Compressed_pair(const std::_Compressed_pair<_Hasher,std::_Compressed_pair<_Keyeq,float,true>,true> &)”: 由于 基类 调用已删除或不可访问的函数“std::hash<std::pair<int,int>>::hash(const std::hash<std::pair<int,int>> &)”，因此已隐式删除函数
          with
          [
              _Hasher=std::hash<std::pair<int,int>>,
              _Keyeq=std::equal_to<std::pair<int,int>>
          ]
C:\Program Files (x86)\Microsoft Visual Studio\2019\Community\VC\Tools\MSVC\14.24.28314\include\type_traits(2146,1): message : “std::hash<std::pair<int,int>>::hash(const std::hash<std::pair<int,int>> &)”: 由于 基类 调用已删除或不可访问的函数“std::_Conditionally_enabled_hash<_Kty,false>::_Conditionally_enabled_hash(const std::_Conditionally_enabled_hash<_Kty,false> &)”，因此已隐式删除函数
          with
          [
              _Kty=std::pair<int,int>
          ]
C:\Program Files (x86)\Microsoft Visual Studio\2019\Community\VC\Tools\MSVC\14.24.28314\include\type_traits(2131,5): message : “std::_Conditionally_enabled_hash<_Kty,false>::_Conditionally_enabled_hash(const std::_Conditionally_enabled_hash<_Kty,false> &)”: 已隐式删除函数
          with
          [
              _Kty=std::pair<int,int>
          ]
C:\Program Files (x86)\Microsoft Visual Studio\2019\Community\VC\Tools\MSVC\14.24.28314\include\unordered_map(51): message : 在编译 类 模板 成员函数“std::_Umap_traits<_Kty,_Ty,std::_Uhash_compare<_Kty,_Hasher,_Keyeq>,_Alloc,false>::_Umap_traits(const _Tr &) noexcept(false)”时
          with
          [
              _Kty=std::pair<int,int>,
              _Ty=int,
              _Hasher=std::hash<std::pair<int,int>>,
              _Keyeq=std::equal_to<std::pair<int,int>>,
              _Alloc=std::allocator<std::pair<const std::pair<int,int>,int>>,
              _Tr=std::_Uhash_compare<std::pair<int,int>,std::hash<std::pair<int,int>>,std::equal_to<std::pair<int,int>>>
          ]
C:\Program Files (x86)\Microsoft Visual Studio\2019\Community\VC\Tools\MSVC\14.24.28314\include\xhash(408): message : 查看对正在编译的函数 模板 实例化“std::_Umap_traits<_Kty,_Ty,std::_Uhash_compare<_Kty,_Hasher,_Keyeq>,_Alloc,false>::_Umap_traits(const _Tr &) noexcept(false)”的引用
          with
          [
              _Kty=std::pair<int,int>,
              _Ty=int,
              _Hasher=std::hash<std::pair<int,int>>,
              _Keyeq=std::equal_to<std::pair<int,int>>,
              _Alloc=std::allocator<std::pair<const std::pair<int,int>,int>>,
              _Tr=std::_Uhash_compare<std::pair<int,int>,std::hash<std::pair<int,int>>,std::equal_to<std::pair<int,int>>>
          ]
C:\Program Files (x86)\Microsoft Visual Studio\2019\Community\VC\Tools\MSVC\14.24.28314\include\xhash(359): message : 查看对正在编译的 类 模板 实例化“std::_Umap_traits<_Kty,_Ty,std::_Uhash_compare<_Kty,_Hasher,_Keyeq>,_Alloc,false>”的引用
          with
          [
              _Kty=std::pair<int,int>,
              _Ty=int,
              _Hasher=std::hash<std::pair<int,int>>,
              _Keyeq=std::equal_to<std::pair<int,int>>,
              _Alloc=std::allocator<std::pair<const std::pair<int,int>,int>>
          ]
C:\Program Files (x86)\Microsoft Visual Studio\2019\Community\VC\Tools\MSVC\14.24.28314\include\unordered_map(86): message : 查看对正在编译的 类 模板 实例化“std::_Hash<std::_Umap_traits<_Kty,_Ty,std::_Uhash_compare<_Kty,_Hasher,_Keyeq>,_Alloc,false>>”的引用
          with
          [
              _Kty=std::pair<int,int>,
              _Ty=int,
              _Hasher=std::hash<std::pair<int,int>>,
              _Keyeq=std::equal_to<std::pair<int,int>>,
              _Alloc=std::allocator<std::pair<const std::pair<int,int>,int>>
          ]
C:\Users\Cauly\source\repos\LeetCode\T887-Hard-Math-BinarySearch-DP\T887-Hard-Math-BinarySearch-DP.cpp(9): message : 查看对正在编译的 类 模板 实例化“std::unordered_map<std::pair<int,int>,int,std::hash<std::pair<int,int>>,std::equal_to<std::pair<int,int>>,std::allocator<std::pair<const std::pair<int,int>,int>>>”的引用
